<?xml version="1.0" encoding="UTF-8"?>
<!-- Generated by org.testng.reporters.JUnitReportReporter -->
<testsuite hostname="BLACKHOLE" failures="0" tests="1" name="testcases.VerifyLogin" time="10.601" errors="0" timestamp="2024-12-12T23:13:50 IST" skipped="0">
  <testcase classname="testcases.VerifyLogin" name="runVerifyLogin" time="10.601"/>
  <system-out/>
</testsuite> <!-- testcases.VerifyLogin -->
