<?xml version="1.0" encoding="UTF-8"?>
<!-- Generated by org.testng.reporters.JUnitReportReporter -->
<testsuite hostname="BLACKHOLE" failures="0" tests="2" name="testcases.CreateLead" time="30.128" errors="0" timestamp="2024-12-12T23:13:50 IST" skipped="0">
  <testcase classname="testcases.CreateLead" name="verifyCreateLead" time="15.656"/>
  <system-out/>
  <testcase classname="testcases.CreateLead" name="verifyCreateLead" time="14.472"/>
  <system-out/>
</testsuite> <!-- testcases.CreateLead -->
