<?xml version="1.0" encoding="UTF-8"?>
<!-- Generated by org.testng.reporters.JUnitReportReporter -->
<testsuite hostname="BLACKHOLE" failures="0" tests="1" name="testcases.CreateLead" time="20.014" errors="0" timestamp="2024-12-09T22:53:49 IST" skipped="0">
  <testcase classname="testcases.CreateLead" name="verifyCreateLead" time="20.014"/>
  <system-out/>
</testsuite> <!-- testcases.CreateLead -->
