<?xml version="1.0" encoding="UTF-8"?>
<!-- Generated by org.testng.reporters.JUnitReportReporter -->
<testsuite hostname="BLACKHOLE" failures="0" tests="1" name="testcases.VerifyLogin" time="11.844" errors="0" timestamp="2024-12-09T16:53:03 IST" skipped="0">
  <testcase classname="testcases.VerifyLogin" name="runVerifyLogin" time="11.844"/>
  <system-out/>
</testsuite> <!-- testcases.VerifyLogin -->
